Practica1QUIZ/app/build/intermediates/manifest_merge_blame_file/debug/manifest-merger-blame-debug-report.txt
1<?xml version="1.0" encoding="utf-8"?>
2<manifest xmlns:android="http://schemas.android.com/apk/res/android"
3    package="com.ldm.practica1_quiz"
4    android:versionCode="1"
5    android:versionName="1.0" >
6
7    <uses-sdk
8        android:minSdkVersion="23"
8-->src\main\AndroidManifest.xml
9        android:targetSdkVersion="32" />
9-->src\main\AndroidManifest.xml
10
11    <application
11-->src\main\AndroidManifest.xml:5:5-48:19
12        android:allowBackup="true"
12-->src\main\AndroidManifest.xml:6:9-35
13        android:appComponentFactory="androidx.core.app.CoreComponentFactory"
13-->[androidx.core:core:1.7.0] AndroidManifest.xml:24:18-86
14        android:dataExtractionRules="@xml/data_extraction_rules"
14-->src\main\AndroidManifest.xml:7:9-65
15        android:debuggable="true"
16        android:extractNativeLibs="false"
17        android:fullBackupContent="@xml/backup_rules"
17-->src\main\AndroidManifest.xml:8:9-54
18        android:icon="@mipmap/ic_launcher"
18-->src\main\AndroidManifest.xml:9:9-43
19        android:label="@string/app_name"
19-->src\main\AndroidManifest.xml:10:9-41
20        android:roundIcon="@mipmap/ic_launcher_round"
20-->src\main\AndroidManifest.xml:11:9-54
21        android:supportsRtl="true"
21-->src\main\AndroidManifest.xml:12:9-35
22        android:testOnly="true"
23        android:theme="@style/Theme.Practica1QUIZ" >
23-->src\main\AndroidManifest.xml:13:9-51
24        <activity
24-->src\main\AndroidManifest.xml:15:9-26:20
25            android:name="com.ldm.practica1_quiz.LogInActivity"
25-->src\main\AndroidManifest.xml:16:13-42
26            android:exported="true" >
26-->src\main\AndroidManifest.xml:17:13-36
27            <intent-filter>
27-->src\main\AndroidManifest.xml:18:13-22:29
28                <action android:name="android.intent.action.MAIN" />
28-->src\main\AndroidManifest.xml:19:17-69
28-->src\main\AndroidManifest.xml:19:25-66
29
30                <category android:name="android.intent.category.LAUNCHER" />
30-->src\main\AndroidManifest.xml:21:17-77
30-->src\main\AndroidManifest.xml:21:27-74
31            </intent-filter>
32
33            <meta-data
33-->src\main\AndroidManifest.xml:23:13-25:36
34                android:name="android.app.lib_name"
34-->src\main\AndroidManifest.xml:24:17-52
35                android:value="" />
35-->src\main\AndroidManifest.xml:25:17-33
36        </activity>
37        <activity
37-->src\main\AndroidManifest.xml:27:9-39:20
38            android:name="com.ldm.practica1_quiz.GameActivity"
38-->src\main\AndroidManifest.xml:28:13-41
39            android:exported="true" >
39-->src\main\AndroidManifest.xml:29:13-36
40            <intent-filter>
40-->src\main\AndroidManifest.xml:18:13-22:29
41                <action android:name="android.intent.action.MAIN" />
41-->src\main\AndroidManifest.xml:19:17-69
41-->src\main\AndroidManifest.xml:19:25-66
42
43                <category android:name="android.intent.category.LAUNCHER" />
43-->src\main\AndroidManifest.xml:21:17-77
43-->src\main\AndroidManifest.xml:21:27-74
44            </intent-filter>
45
46            <meta-data
46-->src\main\AndroidManifest.xml:23:13-25:36
47                android:name="android.app.lib_name"
47-->src\main\AndroidManifest.xml:24:17-52
48                android:value="" />
48-->src\main\AndroidManifest.xml:25:17-33
49        </activity>
50        <activity
50-->src\main\AndroidManifest.xml:40:9-46:20
51            android:name="com.ldm.practica1_quiz.PuntuacionActivity"
51-->src\main\AndroidManifest.xml:41:13-47
52            android:exported="false" >
52-->src\main\AndroidManifest.xml:42:13-37
53            <meta-data
53-->src\main\AndroidManifest.xml:23:13-25:36
54                android:name="android.app.lib_name"
54-->src\main\AndroidManifest.xml:24:17-52
55                android:value="" />
55-->src\main\AndroidManifest.xml:25:17-33
56        </activity>
57
58        <provider
58-->[androidx.emoji2:emoji2:1.0.0] AndroidManifest.xml:26:9-34:20
59            android:name="androidx.startup.InitializationProvider"
59-->[androidx.emoji2:emoji2:1.0.0] AndroidManifest.xml:27:13-67
60            android:authorities="com.ldm.practica1_quiz.androidx-startup"
60-->[androidx.emoji2:emoji2:1.0.0] AndroidManifest.xml:28:13-68
61            android:exported="false" >
61-->[androidx.emoji2:emoji2:1.0.0] AndroidManifest.xml:29:13-37
62            <meta-data
62-->[androidx.emoji2:emoji2:1.0.0] AndroidManifest.xml:31:13-33:52
63                android:name="androidx.emoji2.text.EmojiCompatInitializer"
63-->[androidx.emoji2:emoji2:1.0.0] AndroidManifest.xml:32:17-75
64                android:value="androidx.startup" />
64-->[androidx.emoji2:emoji2:1.0.0] AndroidManifest.xml:33:17-49
65            <meta-data
65-->[androidx.lifecycle:lifecycle-process:2.4.0] AndroidManifest.xml:31:13-33:52
66                android:name="androidx.lifecycle.ProcessLifecycleInitializer"
66-->[androidx.lifecycle:lifecycle-process:2.4.0] AndroidManifest.xml:32:17-78
67                android:value="androidx.startup" />
67-->[androidx.lifecycle:lifecycle-process:2.4.0] AndroidManifest.xml:33:17-49
68        </provider>
69    </application>
70
71</manifest>